This is pdfTeX, Version 3.141592653-2.6-1.40.25 (MiKTeX 23.10) (preloaded format=pdflatex 2025.5.20)  20 MAY 2025 20:20
entering extended mode
 restricted \write18 enabled.
 %&-line parsing enabled.
**"C:/Users/Bastian/Documents/GitHub/UNI-files/Bastian/SEM 2/STK-FYS1110/Labs/F
older/main.tex"

(C:/Users/Bastian/Documents/GitHub/UNI-files/Bastian/SEM 2/STK-FYS1110/Labs/Fol
der/main.tex
LaTeX2e <2023-06-01> patch level 1
L3 programming layer <2023-08-29>
(C:\Users\Bastian\AppData\Local\Programs\MiKTeX\tex/latex/base\article.cls
Document Class: article 2023/05/17 v1.4n Standard LaTeX document class
(C:\Users\Bastian\AppData\Local\Programs\MiKTeX\tex/latex/base\size10.clo
File: size10.clo 2023/05/17 v1.4n Standard LaTeX file (size option)
)
\c@part=\count185
\c@section=\count186
\c@subsection=\count187
\c@subsubsection=\count188
\c@paragraph=\count189
\c@subparagraph=\count190
\c@figure=\count191
\c@table=\count192
\abovecaptionskip=\skip48
\belowcaptionskip=\skip49
\bibindent=\dimen140
)
(C:\Users\Bastian\AppData\Local\Programs\MiKTeX\tex/latex/graphics\graphicx.sty
Package: graphicx 2021/09/16 v1.2d Enhanced LaTeX Graphics (DPC,SPQR)
(C:\Users\Bastian\AppData\Local\Programs\MiKTeX\tex/latex/graphics\keyval.sty
Package: keyval 2022/05/29 v1.15 key=value parser (DPC)
\KV@toks@=\toks17
)
(C:\Users\Bastian\AppData\Local\Programs\MiKTeX\tex/latex/graphics\graphics.sty
Package: graphics 2022/03/10 v1.4e Standard LaTeX Graphics (DPC,SPQR)
(C:\Users\Bastian\AppData\Local\Programs\MiKTeX\tex/latex/graphics\trig.sty
Package: trig 2021/08/11 v1.11 sin cos tan (DPC)
)
(C:\Users\Bastian\AppData\Local\Programs\MiKTeX\tex/latex/graphics-cfg\graphics
.cfg
File: graphics.cfg 2016/06/04 v1.11 sample graphics configuration
)
Package graphics Info: Driver file: pdftex.def on input line 107.

(C:\Users\Bastian\AppData\Local\Programs\MiKTeX\tex/latex/graphics-def\pdftex.d
ef
File: pdftex.def 2022/09/22 v1.2b Graphics/color driver for pdftex
))
\Gin@req@height=\dimen141
\Gin@req@width=\dimen142
)
(C:\Users\Bastian\AppData\Local\Programs\MiKTeX\tex/latex/tools\multicol.sty
Package: multicol 2023/03/30 v1.9f multicolumn formatting (FMi)
\c@tracingmulticols=\count193
\mult@box=\box51
\multicol@leftmargin=\dimen143
\c@unbalance=\count194
\c@collectmore=\count195
\doublecol@number=\count196
\multicoltolerance=\count197
\multicolpretolerance=\count198
\full@width=\dimen144
\page@free=\dimen145
\premulticols=\dimen146
\postmulticols=\dimen147
\multicolsep=\skip50
\multicolbaselineskip=\skip51
\partial@page=\box52
\last@line=\box53
\mc@boxedresult=\box54
\maxbalancingoverflow=\dimen148
\mult@rightbox=\box55
\mult@grightbox=\box56
\mult@firstbox=\box57
\mult@gfirstbox=\box58
\@tempa=\box59
\@tempa=\box60
\@tempa=\box61
\@tempa=\box62
\@tempa=\box63
\@tempa=\box64
\@tempa=\box65
\@tempa=\box66
\@tempa=\box67
\@tempa=\box68
\@tempa=\box69
\@tempa=\box70
\@tempa=\box71
\@tempa=\box72
\@tempa=\box73
\@tempa=\box74
\@tempa=\box75
\@tempa=\box76
\@tempa=\box77
\@tempa=\box78
\@tempa=\box79
\@tempa=\box80
\@tempa=\box81
\@tempa=\box82
\@tempa=\box83
\@tempa=\box84
\@tempa=\box85
\@tempa=\box86
\@tempa=\box87
\@tempa=\box88
\@tempa=\box89
\@tempa=\box90
\@tempa=\box91
\@tempa=\box92
\@tempa=\box93
\@tempa=\box94
\c@minrows=\count199
\c@columnbadness=\count266
\c@finalcolumnbadness=\count267
\last@try=\dimen149
\multicolovershoot=\dimen150
\multicolundershoot=\dimen151
\mult@nat@firstbox=\box95
\colbreak@box=\box96
\mc@col@check@num=\count268
)
(C:\Users\Bastian\AppData\Local\Programs\MiKTeX\tex/latex/hyperref\hyperref.sty
Package: hyperref 2023-07-08 v7.01b Hypertext links for LaTeX

(C:\Users\Bastian\AppData\Local\Programs\MiKTeX\tex/generic/ltxcmds\ltxcmds.sty
Package: ltxcmds 2023-12-04 v1.26 LaTeX kernel commands for general use (HO)
) (C:\Users\Bastian\AppData\Local\Programs\MiKTeX\tex/generic/iftex\iftex.sty
Package: iftex 2022/02/03 v1.0f TeX engine tests
)
(C:\Users\Bastian\AppData\Local\Programs\MiKTeX\tex/generic/pdftexcmds\pdftexcm
ds.sty
Package: pdftexcmds 2020-06-27 v0.33 Utility functions of pdfTeX for LuaTeX (HO
)

(C:\Users\Bastian\AppData\Local\Programs\MiKTeX\tex/generic/infwarerr\infwarerr
.sty
Package: infwarerr 2019/12/03 v1.5 Providing info/warning/error messages (HO)
)
Package pdftexcmds Info: \pdf@primitive is available.
Package pdftexcmds Info: \pdf@ifprimitive is available.
Package pdftexcmds Info: \pdfdraftmode found.
)
(C:\Users\Bastian\AppData\Local\Programs\MiKTeX\tex/latex/kvsetkeys\kvsetkeys.s
ty
Package: kvsetkeys 2022-10-05 v1.19 Key value parser (HO)
)
(C:\Users\Bastian\AppData\Local\Programs\MiKTeX\tex/generic/kvdefinekeys\kvdefi
nekeys.sty
Package: kvdefinekeys 2019-12-19 v1.6 Define keys (HO)
)
(C:\Users\Bastian\AppData\Local\Programs\MiKTeX\tex/generic/pdfescape\pdfescape
.sty
Package: pdfescape 2019/12/09 v1.15 Implements pdfTeX's escape features (HO)
)
(C:\Users\Bastian\AppData\Local\Programs\MiKTeX\tex/latex/hycolor\hycolor.sty
Package: hycolor 2020-01-27 v1.10 Color options for hyperref/bookmark (HO)
)
(C:\Users\Bastian\AppData\Local\Programs\MiKTeX\tex/latex/letltxmacro\letltxmac
ro.sty
Package: letltxmacro 2019/12/03 v1.6 Let assignment for LaTeX macros (HO)
)
(C:\Users\Bastian\AppData\Local\Programs\MiKTeX\tex/latex/auxhook\auxhook.sty
Package: auxhook 2019-12-17 v1.6 Hooks for auxiliary files (HO)
)
(C:\Users\Bastian\AppData\Local\Programs\MiKTeX\tex/latex/hyperref\nameref.sty
Package: nameref 2023-08-07 v2.53 Cross-referencing by name of section

(C:\Users\Bastian\AppData\Local\Programs\MiKTeX\tex/latex/refcount\refcount.sty
Package: refcount 2019/12/15 v3.6 Data extraction from label references (HO)
)
(C:\Users\Bastian\AppData\Local\Programs\MiKTeX\tex/generic/gettitlestring\gett
itlestring.sty
Package: gettitlestring 2019/12/15 v1.6 Cleanup title references (HO)

(C:\Users\Bastian\AppData\Local\Programs\MiKTeX\tex/latex/kvoptions\kvoptions.s
ty
Package: kvoptions 2022-06-15 v3.15 Key value format for package options (HO)
))
\c@section@level=\count269
)
(C:\Users\Bastian\AppData\Local\Programs\MiKTeX\tex/latex/etoolbox\etoolbox.sty
Package: etoolbox 2020/10/05 v2.5k e-TeX tools for LaTeX (JAW)
\etb@tempcnta=\count270
)
\@linkdim=\dimen152
\Hy@linkcounter=\count271
\Hy@pagecounter=\count272
 (C:\Users\Bastian\AppData\Local\Programs\MiKTeX\tex/latex/hyperref\pd1enc.def
File: pd1enc.def 2023-07-08 v7.01b Hyperref: PDFDocEncoding definition (HO)
Now handling font encoding PD1 ...
... no UTF-8 mapping file for font encoding PD1
)
(C:\Users\Bastian\AppData\Local\Programs\MiKTeX\tex/generic/intcalc\intcalc.sty
Package: intcalc 2019/12/15 v1.3 Expandable calculations with integers (HO)
)
\Hy@SavedSpaceFactor=\count273
 (C:\Users\Bastian\AppData\Local\Programs\MiKTeX\tex/latex/hyperref\puenc.def
File: puenc.def 2023-07-08 v7.01b Hyperref: PDF Unicode definition (HO)
Now handling font encoding PU ...
... no UTF-8 mapping file for font encoding PU
)
Package hyperref Info: Hyper figures OFF on input line 4167.
Package hyperref Info: Link nesting OFF on input line 4172.
Package hyperref Info: Hyper index ON on input line 4175.
Package hyperref Info: Plain pages OFF on input line 4182.
Package hyperref Info: Backreferencing OFF on input line 4187.
Package hyperref Info: Implicit mode ON; LaTeX internals redefined.
Package hyperref Info: Bookmarks ON on input line 4434.
\c@Hy@tempcnt=\count274
(C:\Users\Bastian\AppData\Local\Programs\MiKTeX\tex/latex/url\url.sty
\Urlmuskip=\muskip16
Package: url 2013/09/16  ver 3.4  Verb mode for urls, etc.
)
LaTeX Info: Redefining \url on input line 4772.
\XeTeXLinkMargin=\dimen153

(C:\Users\Bastian\AppData\Local\Programs\MiKTeX\tex/generic/bitset\bitset.sty
Package: bitset 2019/12/09 v1.3 Handle bit-vector datatype (HO)

(C:\Users\Bastian\AppData\Local\Programs\MiKTeX\tex/generic/bigintcalc\bigintca
lc.sty
Package: bigintcalc 2019/12/15 v1.5 Expandable calculations on big integers (HO
)
))
\Fld@menulength=\count275
\Field@Width=\dimen154
\Fld@charsize=\dimen155
Package hyperref Info: Hyper figures OFF on input line 6051.
Package hyperref Info: Link nesting OFF on input line 6056.
Package hyperref Info: Hyper index ON on input line 6059.
Package hyperref Info: backreferencing OFF on input line 6066.
Package hyperref Info: Link coloring OFF on input line 6071.
Package hyperref Info: Link coloring with OCG OFF on input line 6076.
Package hyperref Info: PDF/A mode OFF on input line 6081.

(C:\Users\Bastian\AppData\Local\Programs\MiKTeX\tex/latex/base\atbegshi-ltx.sty
Package: atbegshi-ltx 2021/01/10 v1.0c Emulation of the original atbegshi
package with kernel methods
)
\Hy@abspage=\count276
\c@Item=\count277
\c@Hfootnote=\count278
)
Package hyperref Info: Driver (autodetected): hpdftex.

(C:\Users\Bastian\AppData\Local\Programs\MiKTeX\tex/latex/hyperref\hpdftex.def
File: hpdftex.def 2023-07-08 v7.01b Hyperref driver for pdfTeX

(C:\Users\Bastian\AppData\Local\Programs\MiKTeX\tex/latex/base\atveryend-ltx.st
y
Package: atveryend-ltx 2020/08/19 v1.0a Emulation of the original atveryend pac
kage
with kernel methods
)
\Fld@listcount=\count279
\c@bookmark@seq@number=\count280

(C:\Users\Bastian\AppData\Local\Programs\MiKTeX\tex/latex/rerunfilecheck\rerunf
ilecheck.sty
Package: rerunfilecheck 2022-07-10 v1.10 Rerun checks for auxiliary files (HO)

(C:\Users\Bastian\AppData\Local\Programs\MiKTeX\tex/generic/uniquecounter\uniqu
ecounter.sty
Package: uniquecounter 2019/12/15 v1.4 Provide unlimited unique counter (HO)
)
Package uniquecounter Info: New unique counter `rerunfilecheck' on input line 2
85.
)
\Hy@SectionHShift=\skip52
)
(C:\Users\Bastian\AppData\Local\Programs\MiKTeX\tex/latex/amsmath\amsmath.sty
Package: amsmath 2023/05/13 v2.17o AMS math features
\@mathmargin=\skip53

For additional information on amsmath, use the `?' option.
(C:\Users\Bastian\AppData\Local\Programs\MiKTeX\tex/latex/amsmath\amstext.sty
Package: amstext 2021/08/26 v2.01 AMS text

(C:\Users\Bastian\AppData\Local\Programs\MiKTeX\tex/latex/amsmath\amsgen.sty
File: amsgen.sty 1999/11/30 v2.0 generic functions
\@emptytoks=\toks18
\ex@=\dimen156
))
(C:\Users\Bastian\AppData\Local\Programs\MiKTeX\tex/latex/amsmath\amsbsy.sty
Package: amsbsy 1999/11/29 v1.2d Bold Symbols
\pmbraise@=\dimen157
)
(C:\Users\Bastian\AppData\Local\Programs\MiKTeX\tex/latex/amsmath\amsopn.sty
Package: amsopn 2022/04/08 v2.04 operator names
)
\inf@bad=\count281
LaTeX Info: Redefining \frac on input line 234.
\uproot@=\count282
\leftroot@=\count283
LaTeX Info: Redefining \overline on input line 399.
LaTeX Info: Redefining \colon on input line 410.
\classnum@=\count284
\DOTSCASE@=\count285
LaTeX Info: Redefining \ldots on input line 496.
LaTeX Info: Redefining \dots on input line 499.
LaTeX Info: Redefining \cdots on input line 620.
\Mathstrutbox@=\box97
\strutbox@=\box98
LaTeX Info: Redefining \big on input line 722.
LaTeX Info: Redefining \Big on input line 723.
LaTeX Info: Redefining \bigg on input line 724.
LaTeX Info: Redefining \Bigg on input line 725.
\big@size=\dimen158
LaTeX Font Info:    Redeclaring font encoding OML on input line 743.
LaTeX Font Info:    Redeclaring font encoding OMS on input line 744.
\macc@depth=\count286
LaTeX Info: Redefining \bmod on input line 905.
LaTeX Info: Redefining \pmod on input line 910.
LaTeX Info: Redefining \smash on input line 940.
LaTeX Info: Redefining \relbar on input line 970.
LaTeX Info: Redefining \Relbar on input line 971.
\c@MaxMatrixCols=\count287
\dotsspace@=\muskip17
\c@parentequation=\count288
\dspbrk@lvl=\count289
\tag@help=\toks19
\row@=\count290
\column@=\count291
\maxfields@=\count292
\andhelp@=\toks20
\eqnshift@=\dimen159
\alignsep@=\dimen160
\tagshift@=\dimen161
\tagwidth@=\dimen162
\totwidth@=\dimen163
\lineht@=\dimen164
\@envbody=\toks21
\multlinegap=\skip54
\multlinetaggap=\skip55
\mathdisplay@stack=\toks22
LaTeX Info: Redefining \[ on input line 2953.
LaTeX Info: Redefining \] on input line 2954.
)
(C:\Users\Bastian\AppData\Local\Programs\MiKTeX\tex/latex/tools\varioref.sty
Package: varioref 2022/01/09 v1.6f package for extended references (FMi)
\c@vrcnt=\count293
)
(C:\Users\Bastian\AppData\Local\Programs\MiKTeX\tex/latex/tools\verbatim.sty
Package: verbatim 2022-07-02 v1.5u LaTeX2e package for verbatim enhancements
\every@verbatim=\toks23
\verbatim@line=\toks24
\verbatim@in@stream=\read2
)
(C:\Users\Bastian\AppData\Local\Programs\MiKTeX\tex/latex/amsfonts\amsfonts.sty
Package: amsfonts 2013/01/14 v3.01 Basic AMSFonts support
\symAMSa=\mathgroup4
\symAMSb=\mathgroup5
LaTeX Font Info:    Redeclaring math symbol \hbar on input line 98.
LaTeX Font Info:    Overwriting math alphabet `\mathfrak' in version `bold'
(Font)                  U/euf/m/n --> U/euf/b/n on input line 106.
)
(C:\Users\Bastian\AppData\Local\Programs\MiKTeX\tex/latex/geometry\geometry.sty
Package: geometry 2020/01/02 v5.9 Page Geometry
(C:\Users\Bastian\AppData\Local\Programs\MiKTeX\tex/generic/iftex\ifvtex.sty
Package: ifvtex 2019/10/25 v1.7 ifvtex legacy package. Use iftex instead.
)
\Gm@cnth=\count294
\Gm@cntv=\count295
\c@Gm@tempcnt=\count296
\Gm@bindingoffset=\dimen165
\Gm@wd@mp=\dimen166
\Gm@odd@mp=\dimen167
\Gm@even@mp=\dimen168
\Gm@layoutwidth=\dimen169
\Gm@layoutheight=\dimen170
\Gm@layouthoffset=\dimen171
\Gm@layoutvoffset=\dimen172
\Gm@dimlist=\toks25

(C:\Users\Bastian\AppData\Local\Programs\MiKTeX\tex/latex/geometry\geometry.cfg
))
(C:\Users\Bastian\AppData\Local\Programs\MiKTeX\tex/latex/wasysym\wasysym.sty
Package: wasysym 2020/01/19 v2.4 Wasy-2 symbol support package
\symwasy=\mathgroup6
LaTeX Font Info:    Overwriting symbol font `wasy' in version `bold'
(Font)                  U/wasy/m/n --> U/wasy/b/n on input line 93.
)
(C:\Users\Bastian\AppData\Local\Programs\MiKTeX\tex/latex/caption\subcaption.st
y
Package: subcaption 2023/07/28 v1.6b Sub-captions (AR)
 (C:\Users\Bastian\AppData\Local\Programs\MiKTeX\tex/latex/caption\caption.sty
Package: caption 2023/08/05 v3.6o Customizing captions (AR)
(C:\Users\Bastian\AppData\Local\Programs\MiKTeX\tex/latex/caption\caption3.sty
Package: caption3 2023/07/31 v2.4d caption3 kernel (AR)
\caption@tempdima=\dimen173
\captionmargin=\dimen174
\caption@leftmargin=\dimen175
\caption@rightmargin=\dimen176
\caption@width=\dimen177
\caption@indent=\dimen178
\caption@parindent=\dimen179
\caption@hangindent=\dimen180
Package caption Info: Standard document class detected.
)
\c@caption@flags=\count297
\c@continuedfloat=\count298
Package caption Info: hyperref package is loaded.
)
Package caption Info: New subtype `subfigure' on input line 238.
\c@subfigure=\count299
Package caption Info: New subtype `subtable' on input line 238.
\c@subtable=\count300
)
(C:\Users\Bastian\AppData\Local\Programs\MiKTeX\tex/latex/wrapfig\wrapfig.sty
\wrapoverhang=\dimen181
\WF@size=\dimen182
\c@WF@wrappedlines=\count301
\WF@box=\box99
\WF@everypar=\toks26
Package: wrapfig 2003/01/31  v 3.6
)
(C:\Users\Bastian\AppData\Local\Programs\MiKTeX\tex/latex/accents\accents.sty
Package: accents 2006/05/12 v1.4 Math Accent Tools
\cc@skew=\dimen183
\cc@wd=\dimen184
\cc@code=\count302
\cc@group=\count303
\cc@skewchar=\count304
)
Package hyperref Info: Option `colorlinks' set `true' on input line 24.

(C:\Users\Bastian\AppData\Local\Programs\MiKTeX\tex/latex/l3backend\l3backend-p
dftex.def
File: l3backend-pdftex.def 2023-04-19 L3 backend support: PDF output (pdfTeX)
\l__color_backend_stack_int=\count305
\l__pdf_internal_box=\box100
)
No file main.aux.
\openout1 = `main.aux'.

LaTeX Font Info:    Checking defaults for OML/cmm/m/it on input line 30.
LaTeX Font Info:    ... okay on input line 30.
LaTeX Font Info:    Checking defaults for OMS/cmsy/m/n on input line 30.
LaTeX Font Info:    ... okay on input line 30.
LaTeX Font Info:    Checking defaults for OT1/cmr/m/n on input line 30.
LaTeX Font Info:    ... okay on input line 30.
LaTeX Font Info:    Checking defaults for T1/cmr/m/n on input line 30.
LaTeX Font Info:    ... okay on input line 30.
LaTeX Font Info:    Checking defaults for TS1/cmr/m/n on input line 30.
LaTeX Font Info:    ... okay on input line 30.
LaTeX Font Info:    Checking defaults for OMX/cmex/m/n on input line 30.
LaTeX Font Info:    ... okay on input line 30.
LaTeX Font Info:    Checking defaults for U/cmr/m/n on input line 30.
LaTeX Font Info:    ... okay on input line 30.
LaTeX Font Info:    Checking defaults for PD1/pdf/m/n on input line 30.
LaTeX Font Info:    ... okay on input line 30.
LaTeX Font Info:    Checking defaults for PU/pdf/m/n on input line 30.
LaTeX Font Info:    ... okay on input line 30.

(C:\Users\Bastian\AppData\Local\Programs\MiKTeX\tex/context/base/mkii\supp-pdf.
mkii
[Loading MPS to PDF converter (version 2006.09.02).]
\scratchcounter=\count306
\scratchdimen=\dimen185
\scratchbox=\box101
\nofMPsegments=\count307
\nofMParguments=\count308
\everyMPshowfont=\toks27
\MPscratchCnt=\count309
\MPscratchDim=\dimen186
\MPnumerator=\count310
\makeMPintoPDFobject=\count311
\everyMPtoPDFconversion=\toks28
)
(C:\Users\Bastian\AppData\Local\Programs\MiKTeX\tex/latex/epstopdf-pkg\epstopdf
-base.sty
Package: epstopdf-base 2020-01-24 v2.11 Base part for package epstopdf
Package epstopdf-base Info: Redefining graphics rule for `.eps' on input line 4
85.

(C:\Users\Bastian\AppData\Local\Programs\MiKTeX\tex/latex/00miktex\epstopdf-sys
.cfg
File: epstopdf-sys.cfg 2021/03/18 v2.0 Configuration of epstopdf for MiKTeX
))
(C:\Users\Bastian\AppData\Local\Programs\MiKTeX\tex/latex/graphics\color.sty
Package: color 2022/01/06 v1.3d Standard LaTeX Color (DPC)

(C:\Users\Bastian\AppData\Local\Programs\MiKTeX\tex/latex/graphics-cfg\color.cf
g
File: color.cfg 2016/01/02 v1.6 sample color configuration
)
Package color Info: Driver file: pdftex.def on input line 149.

(C:\Users\Bastian\AppData\Local\Programs\MiKTeX\tex/latex/graphics\mathcolor.lt
x))
Package hyperref Info: Link coloring ON on input line 30.
\@outlinefile=\write3
\openout3 = `main.out'.


*geometry* driver: auto-detecting
*geometry* detected driver: pdftex
*geometry* verbose mode - [ preamble ] result:
* driver: pdftex
* paper: <default>
* layout: <same size as paper>
* layoutoffset:(h,v)=(0.0pt,0.0pt)
* modes: 
* h-part:(L,W,R)=(92.14519pt, 430.00462pt, 92.14519pt)
* v-part:(T,H,B)=(95.39737pt, 556.47656pt, 143.09605pt)
* \paperwidth=614.295pt
* \paperheight=794.96999pt
* \textwidth=430.00462pt
* \textheight=556.47656pt
* \oddsidemargin=19.8752pt
* \evensidemargin=19.8752pt
* \topmargin=-13.87262pt
* \headheight=12.0pt
* \headsep=25.0pt
* \topskip=10.0pt
* \footskip=30.0pt
* \marginparwidth=65.0pt
* \marginparsep=11.0pt
* \columnsep=10.0pt
* \skip\footins=9.0pt plus 4.0pt minus 2.0pt
* \hoffset=0.0pt
* \voffset=0.0pt
* \mag=1000
* \@twocolumnfalse
* \@twosidefalse
* \@mparswitchfalse
* \@reversemarginfalse
* (1in=72.27pt=25.4mm, 1cm=28.453pt)

Package caption Info: Begin \AtBeginDocument code.
Package caption Info: wrapfig package is loaded.
Package caption Info: End \AtBeginDocument code.
LaTeX Font Info:    Trying to load font information for U+msa on input line 33.

(C:\Users\Bastian\AppData\Local\Programs\MiKTeX\tex/latex/amsfonts\umsa.fd
File: umsa.fd 2013/01/14 v3.01 AMS symbols A
)
LaTeX Font Info:    Trying to load font information for U+msb on input line 33.


(C:\Users\Bastian\AppData\Local\Programs\MiKTeX\tex/latex/amsfonts\umsb.fd
File: umsb.fd 2013/01/14 v3.01 AMS symbols B
)
LaTeX Font Info:    Trying to load font information for U+wasy on input line 33
.

(C:\Users\Bastian\AppData\Local\Programs\MiKTeX\tex/latex/wasysym\uwasy.fd
File: uwasy.fd 2020/01/19 v2.4 Wasy-2 symbol font definitions
)
[1

{C:/Users/Bastian/AppData/Local/MiKTeX/fonts/map/pdftex/pdftex.map}] [2]
No file main.toc.
\tf@toc=\write4
\openout4 = `main.toc'.

[3]
\openout2 = `Section_1.aux'.


(C:/Users/Bastian/Documents/GitHub/UNI-files/Bastian/SEM 2/STK-FYS1110/Labs/Fol
der\Section_1.tex [4

]
<Figurer/Lab_Fig_1.png, id=32, 442.65375pt x 253.69781pt>
File: Figurer/Lab_Fig_1.png Graphic file (type png)
<use Figurer/Lab_Fig_1.png>
Package pdftex.def Info: Figurer/Lab_Fig_1.png  used on input line 35.
(pdftex.def)             Requested size: 354.12346pt x 202.95851pt.


Package caption Warning: \setcaptiontype
(caption)                outside box or environment on input line 36.
See the caption package documentation for explanation.


Package caption Warning: The option `hypcap=true' will be ignored for this
(caption)                particular \caption on input line 36.
See the caption package documentation for explanation.

[5 <C:/Users/Bastian/Documents/GitHub/UNI-files/Bastian/SEM 2/STK-FYS1110/Labs/
Folder/Figurer/Lab_Fig_1.png>]
<Figurer/Pendel_Lab1_c.png, id=38, 161.10187pt x 161.10187pt>
File: Figurer/Pendel_Lab1_c.png Graphic file (type png)
<use Figurer/Pendel_Lab1_c.png>
Package pdftex.def Info: Figurer/Pendel_Lab1_c.png  used on input line 50.
(pdftex.def)             Requested size: 128.88167pt x 128.88167pt.


Package caption Warning: The option `hypcap=true' will be ignored for this
(caption)                particular \caption on input line 51.
See the caption package documentation for explanation.


Package caption Warning: The option `hypcap=true' will be ignored for this
(caption)                particular \caption on input line 94.
See the caption package documentation for explanation.

[6 <C:/Users/Bastian/Documents/GitHub/UNI-files/Bastian/SEM 2/STK-FYS1110/Labs/
Folder/Figurer/Pendel_Lab1_c.png>]

LaTeX Warning: Reference `au' on page 7 undefined on input line 97.


Package caption Warning: The option `hypcap=true' will be ignored for this
(caption)                particular \caption on input line 127.
See the caption package documentation for explanation.


Package caption Warning: The option `hypcap=true' will be ignored for this
(caption)                particular \caption on input line 138.
See the caption package documentation for explanation.


LaTeX Warning: Reference `Vedlegg' on page 7 undefined on input line 143.


LaTeX Warning: Reference `Svingehistogram.py' on page 7 undefined on input line
 143.

<Figurer/Lab_1_Hist_1.png, id=53, 462.528pt x 346.896pt>
File: Figurer/Lab_1_Hist_1.png Graphic file (type png)
<use Figurer/Lab_1_Hist_1.png>
Package pdftex.def Info: Figurer/Lab_1_Hist_1.png  used on input line 146.
(pdftex.def)             Requested size: 277.51894pt x 208.13919pt.

Package caption Warning: The option `hypcap=true' will be ignored for this
(caption)                particular \caption on input line 147.
See the caption package documentation for explanation.

[7]

Package caption Warning: The option `hypcap=true' will be ignored for this
(caption)                particular \caption on input line 164.
See the caption package documentation for explanation.


LaTeX Warning: Reference `TFormula' on page 8 undefined on input line 167.


LaTeX Warning: Reference `gu' on page 8 undefined on input line 167.


LaTeX Warning: Reference `TFormula' on page 8 undefined on input line 174.


LaTeX Warning: Reference `gu' on page 8 undefined on input line 174.


LaTeX Warning: Reference `TFormula' on page 8 undefined on input line 174.


LaTeX Warning: Reference `gu' on page 8 undefined on input line 174.


Package caption Warning: The option `hypcap=true' will be ignored for this
(caption)                particular \caption on input line 188.
See the caption package documentation for explanation.

<Figurer/Lab_1_Hist_2.png, id=67, 462.528pt x 346.896pt>
File: Figurer/Lab_1_Hist_2.png Graphic file (type png)
<use Figurer/Lab_1_Hist_2.png>
Package pdftex.def Info: Figurer/Lab_1_Hist_2.png  used on input line 194.
(pdftex.def)             Requested size: 277.51894pt x 208.13919pt.

Package caption Warning: The option `hypcap=true' will be ignored for this
(caption)                particular \caption on input line 195.
See the caption package documentation for explanation.

[8 <C:/Users/Bastian/Documents/GitHub/UNI-files/Bastian/SEM 2/STK-FYS1110/Labs/
Folder/Figurer/Lab_1_Hist_1.png>]

LaTeX Warning: Reference `au' on page 9 undefined on input line 200.


Package caption Warning: The option `hypcap=true' will be ignored for this
(caption)                particular \caption on input line 212.
See the caption package documentation for explanation.


Package caption Warning: The option `hypcap=true' will be ignored for this
(caption)                particular \caption on input line 223.
See the caption package documentation for explanation.


Underfull \hbox (badness 1371) in paragraph at lines 223--223
[]\OT1/cmr/m/n/10 Table 7: |[]M^^Wal og usikker-heter, gjort ved laserm^^Waler,
 for
 []


LaTeX Warning: Reference `au' on page 9 undefined on input line 228.


LaTeX Warning: Reference `au' on page 9 undefined on input line 232.


LaTeX Warning: Reference `au' on page 9 undefined on input line 232.

[9 <C:/Users/Bastian/Documents/GitHub/UNI-files/Bastian/SEM 2/STK-FYS1110/Labs/
Folder/Figurer/Lab_1_Hist_2.png>]

LaTeX Warning: Reference `au' on page 10 undefined on input line 234.


Package caption Warning: The option `hypcap=true' will be ignored for this
(caption)                particular \caption on input line 248.
See the caption package documentation for explanation.


Package caption Warning: The option `hypcap=true' will be ignored for this
(caption)                particular \caption on input line 263.
See the caption package documentation for explanation.


Package caption Warning: The option `hypcap=true' will be ignored for this
(caption)                particular \caption on input line 282.
See the caption package documentation for explanation.


LaTeX Warning: Reference `SEM.py' on page 10 undefined on input line 285.


Package caption Warning: The option `hypcap=true' will be ignored for this
(caption)                particular \caption on input line 302.
See the caption package documentation for explanation.

[10]

LaTeX Warning: Reference `ghat' on page 11 undefined on input line 315.


LaTeX Warning: Reference `ghat' on page 11 undefined on input line 321.


LaTeX Warning: Reference `ghat' on page 11 undefined on input line 321.


LaTeX Warning: Reference `gu' on page 11 undefined on input line 323.


LaTeX Warning: Reference `gu' on page 11 undefined on input line 327.


LaTeX Warning: Reference `gu' on page 11 undefined on input line 327.


LaTeX Warning: Reference `Hist_2' on page 11 undefined on input line 343.


LaTeX Warning: Reference `table7' on page 11 undefined on input line 345.


LaTeX Warning: Reference `table6' on page 11 undefined on input line 345.

[11]

LaTeX Warning: Reference `table9' on page 12 undefined on input line 347.


LaTeX Warning: Reference `table8' on page 12 undefined on input line 347.

) [12]
\openout2 = `Section_2.aux'.


(C:/Users/Bastian/Documents/GitHub/UNI-files/Bastian/SEM 2/STK-FYS1110/Labs/Fol
der\Section_2.tex

LaTeX Warning: Reference `forsøk_d_fig' on page 13 undefined on input line 14.



LaTeX Warning: Reference `forsøk_d_fig' on page 13 undefined on input line 14.


<Figurer/Lab_Fig_d.png, id=104, 3424.54407pt x 3035.34pt>
File: Figurer/Lab_Fig_d.png Graphic file (type png)
<use Figurer/Lab_Fig_d.png>
Package pdftex.def Info: Figurer/Lab_Fig_d.png  used on input line 17.
(pdftex.def)             Requested size: 239.74258pt x 212.49551pt.

Package caption Warning: The option `hypcap=true' will be ignored for this
(caption)                particular \caption on input line 18.
See the caption package documentation for explanation.


LaTeX Warning: Reference `Resultater_2' on page 13 undefined on input line 22.

[13



 <C:/Users/Bastian/Documents/GitHub/UNI-files/Bastian/SEM 2/STK-FYS1110/Labs/Fo
lder/Figurer/Lab_Fig_d.png>]

LaTeX Warning: Reference `forsøk_e_fig' on page 14 undefined on input line 26.



LaTeX Warning: Reference `forsøk_e_fig' on page 14 undefined on input line 40.


<Figurer/Lab_Fig_e.png, id=114, 3446.37563pt x 3035.34pt>
File: Figurer/Lab_Fig_e.png Graphic file (type png)
<use Figurer/Lab_Fig_e.png>
Package pdftex.def Info: Figurer/Lab_Fig_e.png  used on input line 43.
(pdftex.def)             Requested size: 241.27094pt x 212.49551pt.

Package caption Warning: The option `hypcap=true' will be ignored for this
(caption)                particular \caption on input line 44.
See the caption package documentation for explanation.

[14 <C:/Users/Bastian/Documents/GitHub/UNI-files/Bastian/SEM 2/STK-FYS1110/Labs
/Folder/Figurer/Lab_Fig_e.png>]

Package caption Warning: The option `hypcap=true' will be ignored for this
(caption)                particular \caption on input line 101.
See the caption package documentation for explanation.


LaTeX Warning: Reference `Kalibreringskurve.py' on page 15 undefined on input l
ine 104.

<Figurer/Lab_2_regresjon.png, id=121, 462.528pt x 346.896pt>
File: Figurer/Lab_2_regresjon.png Graphic file (type png)
<use Figurer/Lab_2_regresjon.png>
Package pdftex.def Info: Figurer/Lab_2_regresjon.png  used on input line 107.
(pdftex.def)             Requested size: 323.76738pt x 242.82553pt.
[15]

Package caption Warning: The option `hypcap=true' will be ignored for this
(caption)                particular \caption on input line 113.
See the caption package documentation for explanation.


Underfull \hbox (badness 3635) in paragraph at lines 113--113
[]\OT1/cmr/m/n/10 Figure 7: |[]Line^^Zr re-gresjon-s-mod-ell og ko-r-re-spon-de
rende
 []

<Figurer/Lab_2_Residualer.png, id=130, 462.528pt x 346.896pt>
File: Figurer/Lab_2_Residualer.png Graphic file (type png)
<use Figurer/Lab_2_Residualer.png>
Package pdftex.def Info: Figurer/Lab_2_Residualer.png  used on input line 119.
(pdftex.def)             Requested size: 323.76738pt x 242.82553pt.
[16 <C:/Users/Bastian/Documents/GitHub/UNI-files/Bastian/SEM 2/STK-FYS1110/Labs
/Folder/Figurer/Lab_2_regresjon.png>]
<Figurer/Lab_2_regresjon_prediksjon.png, id=137, 462.528pt x 346.896pt>
File: Figurer/Lab_2_regresjon_prediksjon.png Graphic file (type png)
<use Figurer/Lab_2_regresjon_prediksjon.png>
Package pdftex.def Info: Figurer/Lab_2_regresjon_prediksjon.png  used on input 
line 127.
(pdftex.def)             Requested size: 323.76738pt x 242.82553pt.


Package caption Warning: The option `hypcap=true' will be ignored for this
(caption)                particular \caption on input line 139.
See the caption package documentation for explanation.

[17 <C:/Users/Bastian/Documents/GitHub/UNI-files/Bastian/SEM 2/STK-FYS1110/Labs
/Folder/Figurer/Lab_2_Residualer.png> <C:/Users/Bastian/Documents/GitHub/UNI-fi
les/Bastian/SEM 2/STK-FYS1110/Labs/Folder/Figurer/Lab_2_regresjon_prediksjon.pn
g>]

LaTeX Warning: Reference `Perioder.txt' on page 18 undefined on input line 148.



LaTeX Warning: Reference `Perioder.py' on page 18 undefined on input line 148.


Package caption Warning: The option `hypcap=true' will be ignored for this
(caption)                particular \caption on input line 160.
See the caption package documentation for explanation.


LaTeX Warning: Reference `periodformula' on page 18 undefined on input line 163
.


LaTeX Warning: Reference `gu' on page 18 undefined on input line 171.


LaTeX Warning: Reference `periodformula' on page 18 undefined on input line 171
.


LaTeX Warning: Reference `Perioder.txt' on page 18 undefined on input line 180.


<Figurer/Lab_2_Masse_Mot_Periode.png, id=144, 462.528pt x 346.896pt>
File: Figurer/Lab_2_Masse_Mot_Periode.png Graphic file (type png)
<use Figurer/Lab_2_Masse_Mot_Periode.png>
Package pdftex.def Info: Figurer/Lab_2_Masse_Mot_Periode.png  used on input lin
e 185.
(pdftex.def)             Requested size: 208.13567pt x 156.10175pt.
<Figurer/Lab_2_Masse_Mot_Periode2.png, id=145, 462.528pt x 346.896pt>
File: Figurer/Lab_2_Masse_Mot_Periode2.png Graphic file (type png)
<use Figurer/Lab_2_Masse_Mot_Periode2.png>
Package pdftex.def Info: Figurer/Lab_2_Masse_Mot_Periode2.png  used on input li
ne 186.
(pdftex.def)             Requested size: 208.13567pt x 156.10175pt.

Package caption Warning: The option `hypcap=true' will be ignored for this
(caption)                particular \caption on input line 188.
See the caption package documentation for explanation.

[18] [19 <C:/Users/Bastian/Documents/GitHub/UNI-files/Bastian/SEM 2/STK-FYS1110
/Labs/Folder/Figurer/Lab_2_Masse_Mot_Periode.png> <C:/Users/Bastian/Documents/G
itHub/UNI-files/Bastian/SEM 2/STK-FYS1110/Labs/Folder/Figurer/Lab_2_Masse_Mot_P
eriode2.png>]) [20]
\openout2 = `Section_3.aux'.


(C:/Users/Bastian/Documents/GitHub/UNI-files/Bastian/SEM 2/STK-FYS1110/Labs/Fol
der\Section_3.tex

LaTeX Warning: Reference `GM' on page 21 undefined on input line 19.

<Figurer/GM-Counter.jpg, id=168, 3035.34pt x 4047.12pt>
File: Figurer/GM-Counter.jpg Graphic file (type jpg)
<use Figurer/GM-Counter.jpg>
Package pdftex.def Info: Figurer/GM-Counter.jpg  used on input line 22.
(pdftex.def)             Requested size: 151.7759pt x 202.36786pt.

Package caption Warning: The option `hypcap=true' will be ignored for this
(caption)                particular \caption on input line 23.
See the caption package documentation for explanation.

[21



 <C:/Users/Bastian/Documents/GitHub/UNI-files/Bastian/SEM 2/STK-FYS1110/Labs/Fo
lder/Figurer/GM-Counter.jpg>]

LaTeX Warning: Reference `ub' on page 22 undefined on input line 63.


Package caption Warning: The option `hypcap=true' will be ignored for this
(caption)                particular \caption on input line 90.
See the caption package documentation for explanation.

[22]

Package caption Warning: The option `hypcap=true' will be ignored for this
(caption)                particular \caption on input line 113.
See the caption package documentation for explanation.


Package caption Warning: The option `hypcap=true' will be ignored for this
(caption)                particular \caption on input line 136.
See the caption package documentation for explanation.


LaTeX Warning: Reference `u_b' on page 23 undefined on input line 139.


LaTeX Warning: Reference `au2' on page 23 undefined on input line 139.


Package caption Warning: The option `hypcap=true' will be ignored for this
(caption)                particular \caption on input line 161.
See the caption package documentation for explanation.


Underfull \hbox (badness 1215) in paragraph at lines 161--161
[]\OT1/cmr/m/n/10 Table 18: |[]Relative usikker-heter for bly-tykkelse og an-ta
ll
 []

[23]
<Figurer/Straaling_Bly.png, id=194, 462.528pt x 346.896pt>
File: Figurer/Straaling_Bly.png Graphic file (type png)
<use Figurer/Straaling_Bly.png>
Package pdftex.def Info: Figurer/Straaling_Bly.png  used on input line 167.
(pdftex.def)             Requested size: 323.76738pt x 242.82553pt.


LaTeX Warning: Reference `stbt' on page 24 undefined on input line 170.

<Figurer/LogStraaling_Bly.png, id=195, 462.528pt x 346.896pt>
File: Figurer/LogStraaling_Bly.png Graphic file (type png)
<use Figurer/LogStraaling_Bly.png>
Package pdftex.def Info: Figurer/LogStraaling_Bly.png  used on input line 173.
(pdftex.def)             Requested size: 323.76738pt x 242.82553pt.
[24 <C:/Users/Bastian/Documents/GitHub/UNI-files/Bastian/SEM 2/STK-FYS1110/Labs
/Folder/Figurer/Straaling_Bly.png>]
<Figurer/LogStraaling_Regresjon.png, id=202, 462.528pt x 346.896pt>
File: Figurer/LogStraaling_Regresjon.png Graphic file (type png)
<use Figurer/LogStraaling_Regresjon.png>
Package pdftex.def Info: Figurer/LogStraaling_Regresjon.png  used on input line
 179.
(pdftex.def)             Requested size: 323.76738pt x 242.82553pt.

! Undefined control sequence.
l.182 ... og $\beta_1$. Sammen med formelog $u_{\n
                                                  {I}}$:
? 
! Undefined control sequence.
<argument> ...-1.247014\cdot x + 7.075217\\ u_{\n 
                                                  {I}} &= \sqrt {(x\cdot 0.0...
l.187 \end{align*}
                  
? 
! Undefined control sequence.
<argument> ...-1.247014\cdot x + 7.075217\\ u_{\n 
                                                  {I}} &= \sqrt {(x\cdot 0.0...
l.187 \end{align*}
                  
? 
[25 <C:/Users/Bastian/Documents/GitHub/UNI-files/Bastian/SEM 2/STK-FYS1110/Labs
/Folder/Figurer/LogStraaling_Bly.png> <C:/Users/Bastian/Documents/GitHub/UNI-fi
les/Bastian/SEM 2/STK-FYS1110/Labs/Folder/Figurer/LogStraaling_Regresjon.png>]

Package caption Warning: The option `hypcap=true' will be ignored for this
(caption)                particular \caption on input line 201.
See the caption package documentation for explanation.


LaTeX Warning: Reference `bigtable' on page 26 undefined on input line 210.


LaTeX Warning: Reference `stbt' on page 26 undefined on input line 214.


LaTeX Warning: Reference `stbt' on page 26 undefined on input line 216.

) [26]
\openout2 = `Section_4.aux'.


(C:/Users/Bastian/Documents/GitHub/UNI-files/Bastian/SEM 2/STK-FYS1110/Labs/Fol
der\Section_4.tex

LaTeX Warning: Reference `projectile' on page 27 undefined on input line 13.

<Figurer/Projectile.jpg, id=216, 3035.34pt x 4047.12pt>
File: Figurer/Projectile.jpg Graphic file (type jpg)
<use Figurer/Projectile.jpg>
Package pdftex.def Info: Figurer/Projectile.jpg  used on input line 16.
(pdftex.def)             Requested size: 151.7759pt x 202.36786pt.

Package caption Warning: The option `hypcap=true' will be ignored for this
(caption)                particular \caption on input line 17.
See the caption package documentation for explanation.

[27



 <C:/Users/Bastian/Documents/GitHub/UNI-files/Bastian/SEM 2/STK-FYS1110/Labs/Fo
lder/Figurer/Projectile.jpg>]

LaTeX Warning: Reference `timeformula' on page 28 undefined on input line 42.


LaTeX Warning: Reference `xformula' on page 28 undefined on input line 42.


LaTeX Warning: Reference `ProjDiagram' on page 28 undefined on input line 53.

<Figurer/ProsjektilDiagram.png, id=226, 231.11343pt x 132.495pt>
File: Figurer/ProsjektilDiagram.png Graphic file (type png)
<use Figurer/ProsjektilDiagram.png>
Package pdftex.def Info: Figurer/ProsjektilDiagram.png  used on input line 56.
(pdftex.def)             Requested size: 115.55643pt x 66.24733pt.

Package caption Warning: The option `hypcap=true' will be ignored for this
(caption)                particular \caption on input line 57.
See the caption package documentation for explanation.

[28 <C:/Users/Bastian/Documents/GitHub/UNI-files/Bastian/SEM 2/STK-FYS1110/Labs
/Folder/Figurer/ProsjektilDiagram.png>]

Package caption Warning: The option `hypcap=true' will be ignored for this
(caption)                particular \caption on input line 89.
See the caption package documentation for explanation.


LaTeX Warning: Reference `au3' on page 29 undefined on input line 89.


LaTeX Warning: Reference `au3' on page 29 undefined on input line 89.


LaTeX Warning: Reference `that' on page 29 undefined on input line 92.


LaTeX Warning: Reference `Heights.txt' on page 29 undefined on input line 94.


LaTeX Warning: Reference `Get_h_line.py' on page 29 undefined on input line 96.



Package caption Warning: The option `hypcap=true' will be ignored for this
(caption)                particular \caption on input line 106.
See the caption package documentation for explanation.


LaTeX Warning: Reference `Lengths.txt' on page 29 undefined on input line 109.


LaTeX Warning: Reference `WorkWithLengths.py' on page 29 undefined on input lin
e 109.


Package caption Warning: The option `hypcap=true' will be ignored for this
(caption)                particular \caption on input line 119.
See the caption package documentation for explanation.

[29]

LaTeX Warning: Reference `WorkWithLengths.py' on page 30 undefined on input lin
e 124.

<Figurer/HistRekkevidde.png, id=248, 462.528pt x 346.896pt>
File: Figurer/HistRekkevidde.png Graphic file (type png)
<use Figurer/HistRekkevidde.png>
Package pdftex.def Info: Figurer/HistRekkevidde.png  used on input line 127.
(pdftex.def)             Requested size: 346.89514pt x 260.17136pt.

Package caption Warning: The option `hypcap=true' will be ignored for this
(caption)                particular \caption on input line 128.
See the caption package documentation for explanation.

) [30 <C:/Users/Bastian/Documents/GitHub/UNI-files/Bastian/SEM 2/STK-FYS1110/La
bs/Folder/Figurer/HistRekkevidde.png>] [31


] [32] [33] (main.aux (Section_1.aux) (Section_2.aux) (Section_3.aux) (Section_
4.aux))
 ***********
LaTeX2e <2023-06-01> patch level 1
L3 programming layer <2023-08-29>
 ***********


LaTeX Warning: There were undefined references.


LaTeX Warning: Label(s) may have changed. Rerun to get cross-references right.


Package rerunfilecheck Warning: File `main.out' has changed.
(rerunfilecheck)                Rerun to get outlines right
(rerunfilecheck)                or use package `bookmark'.

Package rerunfilecheck Info: Checksums for `main.out':
(rerunfilecheck)             Before: <no file>
(rerunfilecheck)             After:  743F5D4B870D176945C2A7FCBC43203E;2765.
 ) 
Here is how much of TeX's memory you used:
 12214 strings out of 475247
 198402 string characters out of 5756848
 1936785 words of memory out of 5000000
 33442 multiletter control sequences out of 15000+600000
 567866 words of font info for 75 fonts, out of 8000000 for 9000
 1141 hyphenation exceptions out of 8191
 75i,15n,79p,1202b,627s stack positions out of 10000i,1000n,20000p,200000b,200000s
<C:/Users/Bastian/AppData/Local/Programs/MiKTeX/fonts/type1/public/amsfonts/c
m/cmbx10.pfb><C:/Users/Bastian/AppData/Local/Programs/MiKTeX/fonts/type1/public
/amsfonts/cm/cmbx12.pfb><C:/Users/Bastian/AppData/Local/Programs/MiKTeX/fonts/t
ype1/public/amsfonts/cm/cmex10.pfb><C:/Users/Bastian/AppData/Local/Programs/MiK
TeX/fonts/type1/public/amsfonts/cm/cmmi10.pfb><C:/Users/Bastian/AppData/Local/P
rograms/MiKTeX/fonts/type1/public/amsfonts/cm/cmmi5.pfb><C:/Users/Bastian/AppDa
ta/Local/Programs/MiKTeX/fonts/type1/public/amsfonts/cm/cmmi7.pfb><C:/Users/Bas
tian/AppData/Local/Programs/MiKTeX/fonts/type1/public/amsfonts/cm/cmr10.pfb><C:
/Users/Bastian/AppData/Local/Programs/MiKTeX/fonts/type1/public/amsfonts/cm/cmr
12.pfb><C:/Users/Bastian/AppData/Local/Programs/MiKTeX/fonts/type1/public/amsfo
nts/cm/cmr17.pfb><C:/Users/Bastian/AppData/Local/Programs/MiKTeX/fonts/type1/pu
blic/amsfonts/cm/cmr5.pfb><C:/Users/Bastian/AppData/Local/Programs/MiKTeX/fonts
/type1/public/amsfonts/cm/cmr7.pfb><C:/Users/Bastian/AppData/Local/Programs/MiK
TeX/fonts/type1/public/amsfonts/cm/cmsy10.pfb><C:/Users/Bastian/AppData/Local/P
rograms/MiKTeX/fonts/type1/public/amsfonts/cm/cmsy5.pfb><C:/Users/Bastian/AppDa
ta/Local/Programs/MiKTeX/fonts/type1/public/amsfonts/cm/cmsy7.pfb>
Output written on main.pdf (33 pages, 45669503 bytes).
PDF statistics:
 358 PDF objects out of 1000 (max. 8388607)
 121 named destinations out of 1000 (max. 500000)
 91 words of extra memory for PDF output out of 10000 (max. 10000000)

